
ROM used:   100/1024 (10%)
            100/1024 (10%) including unused fragments

            0.2 Average locations per line
            7.7 Average locations per statement

RAM used:   6/64 (9%) at main() level
            7/64 (11%) worst case

Stack used: 1 worst case (1 in main + 0 for interrupts)
Stack size: 8

Lines Stmts  %   Files
----- ----- ---  -----
   20    13 100  main.c
    8     0   0  main.h
  487     0   0  ..\..\..\..\..\..\Program Files (x86)\PICC\Devices\12F675.h
----- -----
  515    13 Total

Page ROM  %  RAM   Vol Diff  Functions:
---- --- --- ---   --- ----  ----------
0     20  20    1             @delay_ms1
0     70  70    0   228  3.6  main
 Inline         0             @cinit1

Program metrics:
    Functions               1
    Statements              13
    Comments                89
    Volume (V)              233
    Difficulty (D)          3.3
    Effort to implement (E) 769
    Time to implement (T)   1 minutes
    Est Delivered Bugs (B)  0
    Cyclomatic Complexity   1
    Maintainability (MI)    145

 Segment     Used  Free
-----------  ----  ----
00000-00003     4  0  
00004-003FF    96  924  



