
ROM used:   100/1024 (10%)
            100/1024 (10%) including unused fragments

            0.2 Average locations per line
            9.1 Average locations per statement

RAM used:   5/64 (8%) at main() level
            6/64 (9%) worst case

Stack used: 1 worst case (1 in main + 0 for interrupts)
Stack size: 8

Lines Stmts  %   Files
----- ----- ---  -----
   16    11 100  recebendodadosdaserial.c
   11     0   0  recebendodadosdaserial.h
  487     0   0  ..\..\..\..\..\..\..\Program Files (x86)\PICC\Devices\12F675.h
----- -----
  514    11 Total

Page ROM  %  RAM   Vol Diff  Functions:
---- --- --- ---   --- ----  ----------
0     37  37    1             @GETCH_1_
0     49  49    0   161  2.8  main
0      2   2    0             @const527
0      2   2    0             @const528
 Inline         0             @cinit1

Program metrics:
    Functions               1
    Statements              11
    Comments                89
    Volume (V)              169
    Difficulty (D)          2.2
    Effort to implement (E) 374
    Time to implement (T)   0 minutes
    Est Delivered Bugs (B)  0
    Cyclomatic Complexity   3
    Maintainability (MI)    149

 Segment     Used  Free
-----------  ----  ----
00000-00003     4  0  
00004-003FF    96  924  



